[18:05:31] [WARNING] mysql_connect: no password specified (C:\Users\аы\Desktop\Актуальная версия мода\gamemodes\new.pwn:877 -> C:\Users\аы\Desktop\Актуальная версия мода\pawno\include\vehicle.pwn:439 -> C:\Users\аы\Desktop\Актуальная версия мода\pawno\include\pickup.pwn:132)
[18:08:25] [WARNING] mysql_connect: no password specified (C:\Users\аы\Desktop\Актуальная версия мода\gamemodes\new.pwn:877 -> C:\Users\аы\Desktop\Актуальная версия мода\pawno\include\vehicle.pwn:439 -> C:\Users\аы\Desktop\Актуальная версия мода\pawno\include\pickup.pwn:132)
[18:08:32] [WARNING] mysql_connect: no password specified (C:\Users\аы\Desktop\Актуальная версия мода\gamemodes\new.pwn:877 -> C:\Users\аы\Desktop\Актуальная версия мода\pawno\include\vehicle.pwn:439 -> C:\Users\аы\Desktop\Актуальная версия мода\pawno\include\pickup.pwn:132)
[18:12:48] [WARNING] mysql_connect: no password specified (C:\Users\аы\Desktop\Актуальная версия мода\gamemodes\new.pwn:877 -> C:\Users\аы\Desktop\Актуальная версия мода\pawno\include\vehicle.pwn:439 -> C:\Users\аы\Desktop\Актуальная версия мода\pawno\include\pickup.pwn:132)
[18:38:12] [WARNING] mysql_connect: no password specified (C:\Users\аы\Desktop\Актуальная версия мода\gamemodes\new.pwn:877 -> C:\Users\аы\Desktop\Актуальная версия мода\pawno\include\vehicle.pwn:439 -> C:\Users\аы\Desktop\Актуальная версия мода\pawno\include\pickup.pwn:132)
[18:49:05] [WARNING] mysql_connect: no password specified (C:\Users\аы\Desktop\Актуальная версия мода\gamemodes\new.pwn:877 -> C:\Users\аы\Desktop\Актуальная версия мода\pawno\include\vehicle.pwn:439 -> C:\Users\аы\Desktop\Актуальная версия мода\pawno\include\pickup.pwn:132)
[18:53:00] [WARNING] mysql_connect: no password specified (C:\Users\аы\Desktop\Актуальная версия мода\gamemodes\new.pwn:877 -> C:\Users\аы\Desktop\Актуальная версия мода\pawno\include\vehicle.pwn:439 -> C:\Users\аы\Desktop\Актуальная версия мода\pawno\include\pickup.pwn:132)
[18:56:14] [WARNING] mysql_connect: no password specified (C:\Users\аы\Desktop\Актуальная версия мода\gamemodes\new.pwn:877 -> C:\Users\аы\Desktop\Актуальная версия мода\pawno\include\vehicle.pwn:439 -> C:\Users\аы\Desktop\Актуальная версия мода\pawno\include\pickup.pwn:132)
[19:01:36] [WARNING] mysql_connect: no password specified (C:\Users\аы\Desktop\Актуальная версия мода\gamemodes\new.pwn:877 -> C:\Users\аы\Desktop\Актуальная версия мода\pawno\include\vehicle.pwn:439 -> C:\Users\аы\Desktop\Актуальная версия мода\pawno\include\pickup.pwn:132)
[19:08:01] [WARNING] mysql_connect: no password specified (C:\Users\аы\Desktop\Актуальная версия мода\gamemodes\new.pwn:877 -> C:\Users\аы\Desktop\Актуальная версия мода\pawno\include\vehicle.pwn:439 -> C:\Users\аы\Desktop\Актуальная версия мода\pawno\include\pickup.pwn:132)
[19:09:46] [WARNING] mysql_connect: no password specified (C:\Users\аы\Desktop\Актуальная версия мода\gamemodes\new.pwn:877 -> C:\Users\аы\Desktop\Актуальная версия мода\pawno\include\vehicle.pwn:439 -> C:\Users\аы\Desktop\Актуальная версия мода\pawno\include\pickup.pwn:132)
[19:14:30] [WARNING] mysql_connect: no password specified (C:\Users\аы\Desktop\Актуальная версия мода\gamemodes\new.pwn:877 -> C:\Users\аы\Desktop\Актуальная версия мода\pawno\include\vehicle.pwn:439 -> C:\Users\аы\Desktop\Актуальная версия мода\pawno\include\pickup.pwn:132)
[19:16:46] [WARNING] mysql_connect: no password specified (C:\Users\аы\Desktop\Актуальная версия мода\gamemodes\new.pwn:877 -> C:\Users\аы\Desktop\Актуальная версия мода\pawno\include\vehicle.pwn:439 -> C:\Users\аы\Desktop\Актуальная версия мода\pawno\include\pickup.pwn:132)
[19:19:39] [WARNING] mysql_connect: no password specified (C:\Users\аы\Desktop\Актуальная версия мода\gamemodes\new.pwn:877 -> C:\Users\аы\Desktop\Актуальная версия мода\pawno\include\vehicle.pwn:439 -> C:\Users\аы\Desktop\Актуальная версия мода\pawno\include\pickup.pwn:132)
[19:22:02] [WARNING] mysql_connect: no password specified (C:\Users\аы\Desktop\Актуальная версия мода\gamemodes\new.pwn:877 -> C:\Users\аы\Desktop\Актуальная версия мода\pawno\include\vehicle.pwn:439 -> C:\Users\аы\Desktop\Актуальная версия мода\pawno\include\pickup.pwn:132)
[21:58:12] [WARNING] mysql_connect: no password specified (C:\Users\аы\Desktop\Актуальная версия мода\gamemodes\new.pwn:878 -> C:\Users\аы\Desktop\Актуальная версия мода\pawno\include\vehicle.pwn:439 -> C:\Users\аы\Desktop\Актуальная версия мода\pawno\include\pickup.pwn:132)
[22:04:17] [WARNING] mysql_connect: no password specified (C:\Users\аы\Desktop\Актуальная версия мода\gamemodes\new.pwn:878 -> C:\Users\аы\Desktop\Актуальная версия мода\pawno\include\vehicle.pwn:439 -> C:\Users\аы\Desktop\Актуальная версия мода\pawno\include\pickup.pwn:132)
[23:09:29] [WARNING] mysql_connect: no password specified (C:\Users\аы\Desktop\Актуальная версия мода\gamemodes\new.pwn:878 -> C:\Users\аы\Desktop\Актуальная версия мода\pawno\include\vehicle.pwn:439 -> C:\Users\аы\Desktop\Актуальная версия мода\pawno\include\pickup.pwn:132)
[23:12:00] [WARNING] mysql_connect: no password specified (C:\Users\аы\Desktop\Актуальная версия мода\gamemodes\new.pwn:878 -> C:\Users\аы\Desktop\Актуальная версия мода\pawno\include\vehicle.pwn:439 -> C:\Users\аы\Desktop\Актуальная версия мода\pawno\include\pickup.pwn:132)
[23:14:00] [WARNING] mysql_connect: no password specified (C:\Users\аы\Desktop\Актуальная версия мода\gamemodes\new.pwn:878 -> C:\Users\аы\Desktop\Актуальная версия мода\pawno\include\vehicle.pwn:439 -> C:\Users\аы\Desktop\Актуальная версия мода\pawno\include\pickup.pwn:132)
[23:15:15] [WARNING] mysql_connect: no password specified (C:\Users\аы\Desktop\Актуальная версия мода\gamemodes\new.pwn:878 -> C:\Users\аы\Desktop\Актуальная версия мода\pawno\include\vehicle.pwn:439 -> C:\Users\аы\Desktop\Актуальная версия мода\pawno\include\pickup.pwn:132)
[23:17:10] [WARNING] mysql_connect: no password specified (C:\Users\аы\Desktop\Актуальная версия мода\gamemodes\new.pwn:878 -> C:\Users\аы\Desktop\Актуальная версия мода\pawno\include\vehicle.pwn:439 -> C:\Users\аы\Desktop\Актуальная версия мода\pawno\include\pickup.pwn:132)
[23:17:47] [WARNING] mysql_connect: no password specified (C:\Users\аы\Desktop\Актуальная версия мода\gamemodes\new.pwn:878 -> C:\Users\аы\Desktop\Актуальная версия мода\pawno\include\vehicle.pwn:439 -> C:\Users\аы\Desktop\Актуальная версия мода\pawno\include\pickup.pwn:132)
[23:23:52] [WARNING] mysql_connect: no password specified (C:\Users\аы\Desktop\Актуальная версия мода\gamemodes\new.pwn:878 -> C:\Users\аы\Desktop\Актуальная версия мода\pawno\include\vehicle.pwn:439 -> C:\Users\аы\Desktop\Актуальная версия мода\pawno\include\pickup.pwn:132)
[21:46:40] [WARNING] mysql_connect: no password specified (C:\Users\аы\Desktop\Актуальная версия мода\gamemodes\new.pwn:878 -> C:\Users\аы\Desktop\Актуальная версия мода\pawno\include\vehicle.pwn:439 -> C:\Users\аы\Desktop\Актуальная версия мода\pawno\include\pickup.pwn:132)
[22:14:48] [WARNING] mysql_connect: no password specified (C:\Users\аы\Desktop\Актуальная версия мода\gamemodes\new.pwn:880 -> C:\Users\аы\Desktop\Актуальная версия мода\pawno\include\vehicle.pwn:439 -> C:\Users\аы\Desktop\Актуальная версия мода\pawno\include\pickup.pwn:132)
[22:15:59] [WARNING] mysql_connect: no password specified (C:\Users\аы\Desktop\Актуальная версия мода\gamemodes\new.pwn:880 -> C:\Users\аы\Desktop\Актуальная версия мода\pawno\include\vehicle.pwn:439 -> C:\Users\аы\Desktop\Актуальная версия мода\pawno\include\pickup.pwn:132)
[22:16:55] [WARNING] mysql_connect: no password specified (C:\Users\аы\Desktop\Актуальная версия мода\gamemodes\new.pwn:880 -> C:\Users\аы\Desktop\Актуальная версия мода\pawno\include\vehicle.pwn:439 -> C:\Users\аы\Desktop\Актуальная версия мода\pawno\include\pickup.pwn:132)
[22:18:03] [WARNING] mysql_connect: no password specified (C:\Users\аы\Desktop\Актуальная версия мода\gamemodes\new.pwn:880 -> C:\Users\аы\Desktop\Актуальная версия мода\pawno\include\vehicle.pwn:439 -> C:\Users\аы\Desktop\Актуальная версия мода\pawno\include\pickup.pwn:132)
[22:18:39] [WARNING] mysql_connect: no password specified (C:\Users\аы\Desktop\Актуальная версия мода\gamemodes\new.pwn:880 -> C:\Users\аы\Desktop\Актуальная версия мода\pawno\include\vehicle.pwn:439 -> C:\Users\аы\Desktop\Актуальная версия мода\pawno\include\pickup.pwn:132)
[20:06:38] [WARNING] mysql_connect: no password specified (C:\Users\аы\Desktop\Актуальная версия мода\gamemodes\new.pwn:880 -> C:\Users\аы\Desktop\Актуальная версия мода\pawno\include\vehicle.pwn:439 -> C:\Users\аы\Desktop\Актуальная версия мода\pawno\include\pickup.pwn:132)
[20:06:38] [WARNING] duplicate connection detected: handle id 1 already exists with host = 'localhost', username = 'root' and database = 'database-nc'
[20:24:03] [WARNING] mysql_connect: no password specified (C:\Users\аы\Desktop\Актуальная версия мода\gamemodes\new.pwn:881 -> C:\Users\аы\Desktop\Актуальная версия мода\pawno\include\vehicle.pwn:439 -> C:\Users\аы\Desktop\Актуальная версия мода\pawno\include\pickup.pwn:132)
[20:33:22] [WARNING] mysql_connect: no password specified (C:\Users\аы\Desktop\Актуальная версия мода\gamemodes\new.pwn:881 -> C:\Users\аы\Desktop\Актуальная версия мода\pawno\include\vehicle.pwn:439 -> C:\Users\аы\Desktop\Актуальная версия мода\pawno\include\pickup.pwn:132)
[20:37:50] [WARNING] mysql_connect: no password specified (C:\Users\аы\Desktop\Актуальная версия мода\gamemodes\new.pwn:883 -> C:\Users\аы\Desktop\Актуальная версия мода\pawno\include\vehicle.pwn:439 -> C:\Users\аы\Desktop\Актуальная версия мода\pawno\include\pickup.pwn:132)
[20:41:50] [ERROR] CCallback::Execute - invalid AMX instance
[20:42:02] [WARNING] mysql_connect: no password specified (C:\Users\аы\Desktop\Актуальная версия мода\gamemodes\new.pwn:883 -> C:\Users\аы\Desktop\Актуальная версия мода\pawno\include\vehicle.pwn:439 -> C:\Users\аы\Desktop\Актуальная версия мода\pawno\include\pickup.pwn:132)
[20:42:02] [WARNING] duplicate connection detected: handle id 1 already exists with host = 'localhost', username = 'root' and database = 'database-nc'
[21:36:43] [WARNING] mysql_connect: no password specified (C:\Users\аы\Desktop\Актуальная версия мода\gamemodes\new.pwn:896 -> C:\Users\аы\Desktop\Актуальная версия мода\pawno\include\vehicle.pwn:439 -> C:\Users\аы\Desktop\Актуальная версия мода\pawno\include\pickup.pwn:132)
[21:42:58] [WARNING] mysql_connect: no password specified (C:\Users\аы\Desktop\Актуальная версия мода\gamemodes\new.pwn:896 -> C:\Users\аы\Desktop\Актуальная версия мода\pawno\include\vehicle.pwn:439 -> C:\Users\аы\Desktop\Актуальная версия мода\pawno\include\pickup.pwn:132)
[21:56:29] [WARNING] mysql_connect: no password specified (C:\Users\аы\Desktop\Актуальная версия мода\gamemodes\new.pwn:896 -> C:\Users\аы\Desktop\Актуальная версия мода\pawno\include\vehicle.pwn:439 -> C:\Users\аы\Desktop\Актуальная версия мода\pawno\include\pickup.pwn:132)
[22:01:23] [WARNING] mysql_connect: no password specified (C:\Users\аы\Desktop\Актуальная версия мода\gamemodes\new.pwn:897 -> C:\Users\аы\Desktop\Актуальная версия мода\pawno\include\vehicle.pwn:439 -> C:\Users\аы\Desktop\Актуальная версия мода\pawno\include\pickup.pwn:132)
[22:39:23] [WARNING] mysql_connect: no password specified (C:\Users\аы\Desktop\Актуальная версия мода\gamemodes\new.pwn:899 -> C:\Users\аы\Desktop\Актуальная версия мода\pawno\include\vehicle.pwn:439 -> C:\Users\аы\Desktop\Актуальная версия мода\pawno\include\pickup.pwn:132)
[22:40:06] [WARNING] mysql_connect: no password specified (C:\Users\аы\Desktop\Актуальная версия мода\gamemodes\new.pwn:899 -> C:\Users\аы\Desktop\Актуальная версия мода\pawno\include\vehicle.pwn:439 -> C:\Users\аы\Desktop\Актуальная версия мода\pawno\include\pickup.pwn:132)
[22:41:41] [WARNING] mysql_connect: no password specified (C:\Users\аы\Desktop\Актуальная версия мода\gamemodes\new.pwn:899 -> C:\Users\аы\Desktop\Актуальная версия мода\pawno\include\vehicle.pwn:439 -> C:\Users\аы\Desktop\Актуальная версия мода\pawno\include\pickup.pwn:132)
[22:44:14] [WARNING] mysql_connect: no password specified (C:\Users\аы\Desktop\Актуальная версия мода\gamemodes\new.pwn:899 -> C:\Users\аы\Desktop\Актуальная версия мода\pawno\include\vehicle.pwn:439 -> C:\Users\аы\Desktop\Актуальная версия мода\pawno\include\pickup.pwn:132)
[22:46:49] [WARNING] mysql_connect: no password specified (C:\Users\аы\Desktop\Актуальная версия мода\gamemodes\new.pwn:899 -> C:\Users\аы\Desktop\Актуальная версия мода\pawno\include\vehicle.pwn:439 -> C:\Users\аы\Desktop\Актуальная версия мода\pawno\include\pickup.pwn:132)
[22:47:39] [WARNING] mysql_connect: no password specified (C:\Users\аы\Desktop\Актуальная версия мода\gamemodes\new.pwn:899 -> C:\Users\аы\Desktop\Актуальная версия мода\pawno\include\vehicle.pwn:439 -> C:\Users\аы\Desktop\Актуальная версия мода\pawno\include\pickup.pwn:132)
[22:48:41] [WARNING] mysql_connect: no password specified (C:\Users\аы\Desktop\Актуальная версия мода\gamemodes\new.pwn:899 -> C:\Users\аы\Desktop\Актуальная версия мода\pawno\include\vehicle.pwn:439 -> C:\Users\аы\Desktop\Актуальная версия мода\pawno\include\pickup.pwn:132)
[07:56:46] [WARNING] mysql_connect: no password specified (C:\Users\аы\Desktop\Актуальная версия мода\gamemodes\new.pwn:899 -> C:\Users\аы\Desktop\Актуальная версия мода\pawno\include\vehicle.pwn:439 -> C:\Users\аы\Desktop\Актуальная версия мода\pawno\include\pickup.pwn:132)
[08:14:11] [WARNING] mysql_connect: no password specified (C:\Users\аы\Desktop\Актуальная версия мода\gamemodes\new.pwn:899 -> C:\Users\аы\Desktop\Актуальная версия мода\pawno\include\vehicle.pwn:439 -> C:\Users\аы\Desktop\Актуальная версия мода\pawno\include\pickup.pwn:132)
[08:25:13] [WARNING] mysql_connect: no password specified (C:\Users\аы\Desktop\Актуальная версия мода\gamemodes\new.pwn:899 -> C:\Users\аы\Desktop\Актуальная версия мода\pawno\include\vehicle.pwn:439 -> C:\Users\аы\Desktop\Актуальная версия мода\pawno\include\pickup.pwn:132)
[08:28:21] [WARNING] mysql_connect: no password specified (C:\Users\аы\Desktop\Актуальная версия мода\gamemodes\new.pwn:899 -> C:\Users\аы\Desktop\Актуальная версия мода\pawno\include\vehicle.pwn:439 -> C:\Users\аы\Desktop\Актуальная версия мода\pawno\include\pickup.pwn:132)
[22:58:56] [WARNING] mysql_connect: no password specified (C:\Users\аы\Desktop\Актуальная версия мода\gamemodes\new.pwn:899 -> C:\Users\аы\Desktop\Актуальная версия мода\pawno\include\vehicle.pwn:439 -> C:\Users\аы\Desktop\Актуальная версия мода\pawno\include\pickup.pwn:132)
[23:05:38] [WARNING] mysql_connect: no password specified (C:\Users\аы\Desktop\Актуальная версия мода\gamemodes\new.pwn:904 -> C:\Users\аы\Desktop\Актуальная версия мода\pawno\include\vehicle.pwn:439 -> C:\Users\аы\Desktop\Актуальная версия мода\pawno\include\pickup.pwn:132)
[15:00:00] [ERROR] error #2013 while executing query "UPDATE `users` SET cash='87561',lvl='3',exp='9',last_ip = '127.0.0.1',bank='1410002',job='0',member_id='4',leader_id='4',rank='10',repair_kit='0',mask='0',healc='0',mute='16419',phone='0',phone_number='0',phone_balance='0',skin_id='46',satiety='200',mats='0',ammo1='0',ammo2='0',ammo3='0',ammo4='0',ammo5='0',ammo6='0',body1='0',body2='0',body3='0',body4='0',body5='0',body6='0',drugs='10',suspect='0' WHERE id='1' LIMIT 1": Lost connection to MySQL server during query (C:\Users\аы\Desktop\Актуальная версия мода\gamemodes\new.pwn:7360 -> C:\Users\аы\Desktop\Актуальная версия мода\gamemodes\new.pwn:9166 -> C:\Users\аы\Desktop\Актуальная версия мода\gamemodes\new.pwn:8596)
[15:08:32] [WARNING] mysql_connect: no password specified (C:\Users\аы\Desktop\Актуальная версия мода\gamemodes\new.pwn:904 -> C:\Users\аы\Desktop\Актуальная версия мода\pawno\include\vehicle.pwn:439 -> C:\Users\аы\Desktop\Актуальная версия мода\pawno\include\pickup.pwn:132)
[15:22:36] [WARNING] mysql_connect: no password specified (C:\Users\аы\Desktop\Актуальная версия мода\gamemodes\new.pwn:904 -> C:\Users\аы\Desktop\Актуальная версия мода\pawno\include\vehicle.pwn:439 -> C:\Users\аы\Desktop\Актуальная версия мода\pawno\include\pickup.pwn:132)
[15:26:20] [WARNING] mysql_connect: no password specified (C:\Users\аы\Desktop\Актуальная версия мода\gamemodes\new.pwn:904 -> C:\Users\аы\Desktop\Актуальная версия мода\pawno\include\vehicle.pwn:439 -> C:\Users\аы\Desktop\Актуальная версия мода\pawno\include\pickup.pwn:132)
[15:34:11] [WARNING] mysql_connect: no password specified (C:\Users\аы\Desktop\Актуальная версия мода\gamemodes\new.pwn:904 -> C:\Users\аы\Desktop\Актуальная версия мода\pawno\include\vehicle.pwn:439 -> C:\Users\аы\Desktop\Актуальная версия мода\pawno\include\pickup.pwn:132)
[19:24:02] [WARNING] mysql_connect: no password specified (C:\Users\аы\Desktop\Актуальная версия мода\gamemodes\new.pwn:904 -> C:\Users\аы\Desktop\Актуальная версия мода\pawno\include\vehicle.pwn:439 -> C:\Users\аы\Desktop\Актуальная версия мода\pawno\include\pickup.pwn:132)
[19:46:04] [WARNING] mysql_connect: no password specified (C:\Users\аы\Desktop\Актуальная версия мода\gamemodes\new.pwn:905 -> C:\Users\аы\Desktop\Актуальная версия мода\pawno\include\vehicle.pwn:439 -> C:\Users\аы\Desktop\Актуальная версия мода\pawno\include\pickup.pwn:132)
[19:46:42] [WARNING] mysql_connect: no password specified (C:\Users\аы\Desktop\Актуальная версия мода\gamemodes\new.pwn:905 -> C:\Users\аы\Desktop\Актуальная версия мода\pawno\include\vehicle.pwn:439 -> C:\Users\аы\Desktop\Актуальная версия мода\pawno\include\pickup.pwn:132)
[19:47:02] [WARNING] mysql_connect: no password specified (C:\Users\аы\Desktop\Актуальная версия мода\gamemodes\new.pwn:905 -> C:\Users\аы\Desktop\Актуальная версия мода\pawno\include\vehicle.pwn:439 -> C:\Users\аы\Desktop\Актуальная версия мода\pawno\include\pickup.pwn:132)
[19:47:47] [WARNING] mysql_connect: no password specified (C:\Users\аы\Desktop\Актуальная версия мода\gamemodes\new.pwn:905 -> C:\Users\аы\Desktop\Актуальная версия мода\pawno\include\vehicle.pwn:439 -> C:\Users\аы\Desktop\Актуальная версия мода\pawno\include\pickup.pwn:132)
[19:48:52] [WARNING] mysql_connect: no password specified (C:\Users\аы\Desktop\Актуальная версия мода\gamemodes\new.pwn:905 -> C:\Users\аы\Desktop\Актуальная версия мода\pawno\include\vehicle.pwn:439 -> C:\Users\аы\Desktop\Актуальная версия мода\pawno\include\pickup.pwn:132)
[19:52:46] [WARNING] mysql_connect: no password specified (C:\Users\аы\Desktop\Актуальная версия мода\gamemodes\new.pwn:905 -> C:\Users\аы\Desktop\Актуальная версия мода\pawno\include\vehicle.pwn:439 -> C:\Users\аы\Desktop\Актуальная версия мода\pawno\include\pickup.pwn:132)
[19:53:07] [WARNING] mysql_connect: no password specified (C:\Users\аы\Desktop\Актуальная версия мода\gamemodes\new.pwn:905 -> C:\Users\аы\Desktop\Актуальная версия мода\pawno\include\vehicle.pwn:439 -> C:\Users\аы\Desktop\Актуальная версия мода\pawno\include\pickup.pwn:132)
[19:53:15] [WARNING] mysql_connect: no password specified (C:\Users\аы\Desktop\Актуальная версия мода\gamemodes\new.pwn:905 -> C:\Users\аы\Desktop\Актуальная версия мода\pawno\include\vehicle.pwn:439 -> C:\Users\аы\Desktop\Актуальная версия мода\pawno\include\pickup.pwn:132)
[20:00:21] [WARNING] mysql_connect: no password specified (C:\Users\аы\Desktop\Актуальная версия мода\gamemodes\new.pwn:905 -> C:\Users\аы\Desktop\Актуальная версия мода\pawno\include\vehicle.pwn:439 -> C:\Users\аы\Desktop\Актуальная версия мода\pawno\include\pickup.pwn:132)
[20:01:01] [WARNING] mysql_connect: no password specified (C:\Users\аы\Desktop\Актуальная версия мода\gamemodes\new.pwn:905 -> C:\Users\аы\Desktop\Актуальная версия мода\pawno\include\vehicle.pwn:439 -> C:\Users\аы\Desktop\Актуальная версия мода\pawno\include\pickup.pwn:132)
[20:02:51] [WARNING] mysql_connect: no password specified (C:\Users\аы\Desktop\Актуальная версия мода\gamemodes\new.pwn:905 -> C:\Users\аы\Desktop\Актуальная версия мода\pawno\include\vehicle.pwn:439 -> C:\Users\аы\Desktop\Актуальная версия мода\pawno\include\pickup.pwn:132)
[20:09:13] [WARNING] mysql_connect: no password specified (C:\Users\аы\Desktop\Актуальная версия мода\gamemodes\new.pwn:909 -> C:\Users\аы\Desktop\Актуальная версия мода\pawno\include\vehicle.pwn:439 -> C:\Users\аы\Desktop\Актуальная версия мода\pawno\include\pickup.pwn:132)
[20:13:41] [WARNING] mysql_connect: no password specified (C:\Users\аы\Desktop\Актуальная версия мода\gamemodes\new.pwn:909 -> C:\Users\аы\Desktop\Актуальная версия мода\pawno\include\vehicle.pwn:439 -> C:\Users\аы\Desktop\Актуальная версия мода\pawno\include\pickup.pwn:132)
[22:52:21] [WARNING] mysql_connect: no password specified (C:\Users\аы\Desktop\Актуальная версия мода\gamemodes\new.pwn:910 -> C:\Users\аы\Desktop\Актуальная версия мода\pawno\include\vehicle.pwn:439 -> C:\Users\аы\Desktop\Актуальная версия мода\pawno\include\pickup.pwn:132)
[22:56:07] [WARNING] mysql_connect: no password specified (C:\Users\аы\Desktop\Актуальная версия мода\gamemodes\new.pwn:910 -> C:\Users\аы\Desktop\Актуальная версия мода\pawno\include\vehicle.pwn:439 -> C:\Users\аы\Desktop\Актуальная версия мода\pawno\include\pickup.pwn:132)
[22:57:07] [WARNING] mysql_connect: no password specified (C:\Users\аы\Desktop\Актуальная версия мода\gamemodes\new.pwn:910 -> C:\Users\аы\Desktop\Актуальная версия мода\pawno\include\vehicle.pwn:439 -> C:\Users\аы\Desktop\Актуальная версия мода\pawno\include\pickup.pwn:132)
[22:58:13] [WARNING] mysql_connect: no password specified (C:\Users\аы\Desktop\Актуальная версия мода\gamemodes\new.pwn:910 -> C:\Users\аы\Desktop\Актуальная версия мода\pawno\include\vehicle.pwn:439 -> C:\Users\аы\Desktop\Актуальная версия мода\pawno\include\pickup.pwn:132)
[23:04:07] [WARNING] mysql_connect: no password specified (C:\Users\аы\Desktop\Актуальная версия мода\gamemodes\new.pwn:910 -> C:\Users\аы\Desktop\Актуальная версия мода\pawno\include\vehicle.pwn:439 -> C:\Users\аы\Desktop\Актуальная версия мода\pawno\include\pickup.pwn:132)
[12:05:34] [ERROR] error #2013 while executing query "SELECT `name`,`password` FROM `users` WHERE `name` = 'Smart_Noggano' LIMIT 1": Lost connection to MySQL server during query (C:\Users\аы\Desktop\Актуальная версия мода\gamemodes\new.pwn:6079)
[12:08:50] [WARNING] mysql_connect: no password specified (C:\Users\аы\Desktop\Актуальная версия мода\gamemodes\new.pwn:910 -> C:\Users\аы\Desktop\Актуальная версия мода\pawno\include\vehicle.pwn:439 -> C:\Users\аы\Desktop\Актуальная версия мода\pawno\include\pickup.pwn:132)
[12:11:53] [WARNING] mysql_connect: no password specified (C:\Users\аы\Desktop\Актуальная версия мода\gamemodes\new.pwn:910 -> C:\Users\аы\Desktop\Актуальная версия мода\pawno\include\vehicle.pwn:439 -> C:\Users\аы\Desktop\Актуальная версия мода\pawno\include\pickup.pwn:132)
[12:12:07] [WARNING] mysql_connect: no password specified (C:\Users\аы\Desktop\Актуальная версия мода\gamemodes\new.pwn:910 -> C:\Users\аы\Desktop\Актуальная версия мода\pawno\include\vehicle.pwn:439 -> C:\Users\аы\Desktop\Актуальная версия мода\pawno\include\pickup.pwn:132)
[12:13:23] [WARNING] mysql_connect: no password specified (C:\Users\аы\Desktop\Актуальная версия мода\gamemodes\new.pwn:910 -> C:\Users\аы\Desktop\Актуальная версия мода\pawno\include\vehicle.pwn:439 -> C:\Users\аы\Desktop\Актуальная версия мода\pawno\include\pickup.pwn:132)
[12:33:25] [WARNING] mysql_connect: no password specified (C:\Users\аы\Desktop\Актуальная версия мода\gamemodes\new.pwn:911 -> C:\Users\аы\Desktop\Актуальная версия мода\pawno\include\vehicle.pwn:439 -> C:\Users\аы\Desktop\Актуальная версия мода\pawno\include\pickup.pwn:132)
[12:35:15] [WARNING] mysql_connect: no password specified (C:\Users\аы\Desktop\Актуальная версия мода\gamemodes\new.pwn:911 -> C:\Users\аы\Desktop\Актуальная версия мода\pawno\include\vehicle.pwn:439 -> C:\Users\аы\Desktop\Актуальная версия мода\pawno\include\pickup.pwn:132)
[12:36:56] [WARNING] mysql_connect: no password specified (C:\Users\аы\Desktop\Актуальная версия мода\gamemodes\new.pwn:911 -> C:\Users\аы\Desktop\Актуальная версия мода\pawno\include\vehicle.pwn:439 -> C:\Users\аы\Desktop\Актуальная версия мода\pawno\include\pickup.pwn:132)
[12:38:29] [WARNING] mysql_connect: no password specified (C:\Users\аы\Desktop\Актуальная версия мода\gamemodes\new.pwn:911 -> C:\Users\аы\Desktop\Актуальная версия мода\pawno\include\vehicle.pwn:439 -> C:\Users\аы\Desktop\Актуальная версия мода\pawno\include\pickup.pwn:132)
[12:44:50] [WARNING] mysql_connect: no password specified (C:\Users\аы\Desktop\Актуальная версия мода\gamemodes\new.pwn:911 -> C:\Users\аы\Desktop\Актуальная версия мода\pawno\include\vehicle.pwn:439 -> C:\Users\аы\Desktop\Актуальная версия мода\pawno\include\pickup.pwn:132)
[12:50:05] [WARNING] mysql_connect: no password specified (C:\Users\аы\Desktop\Актуальная версия мода\gamemodes\new.pwn:911 -> C:\Users\аы\Desktop\Актуальная версия мода\pawno\include\vehicle.pwn:439 -> C:\Users\аы\Desktop\Актуальная версия мода\pawno\include\pickup.pwn:132)
[12:52:28] [WARNING] mysql_connect: no password specified (C:\Users\аы\Desktop\Актуальная версия мода\gamemodes\new.pwn:911 -> C:\Users\аы\Desktop\Актуальная версия мода\pawno\include\vehicle.pwn:439 -> C:\Users\аы\Desktop\Актуальная версия мода\pawno\include\pickup.pwn:132)
[17:05:12] [WARNING] mysql_connect: no password specified (C:\Users\аы\Desktop\Актуальная версия мода\gamemodes\new.pwn:911 -> C:\Users\аы\Desktop\Актуальная версия мода\pawno\include\vehicle.pwn:439 -> C:\Users\аы\Desktop\Актуальная версия мода\pawno\include\pickup.pwn:132)
[17:26:01] [WARNING] mysql_connect: no password specified (C:\Users\аы\Desktop\Актуальная версия мода\gamemodes\new.pwn:911 -> C:\Users\аы\Desktop\Актуальная версия мода\pawno\include\vehicle.pwn:439 -> C:\Users\аы\Desktop\Актуальная версия мода\pawno\include\pickup.pwn:132)
[17:29:29] [WARNING] mysql_connect: no password specified (C:\Users\аы\Desktop\Актуальная версия мода\gamemodes\new.pwn:911 -> C:\Users\аы\Desktop\Актуальная версия мода\pawno\include\vehicle.pwn:439 -> C:\Users\аы\Desktop\Актуальная версия мода\pawno\include\pickup.pwn:132)
[17:30:19] [WARNING] mysql_connect: no password specified (C:\Users\аы\Desktop\Актуальная версия мода\gamemodes\new.pwn:911 -> C:\Users\аы\Desktop\Актуальная версия мода\pawno\include\vehicle.pwn:439 -> C:\Users\аы\Desktop\Актуальная версия мода\pawno\include\pickup.pwn:132)
[17:31:30] [WARNING] mysql_connect: no password specified (C:\Users\аы\Desktop\Актуальная версия мода\gamemodes\new.pwn:911 -> C:\Users\аы\Desktop\Актуальная версия мода\pawno\include\vehicle.pwn:439 -> C:\Users\аы\Desktop\Актуальная версия мода\pawno\include\pickup.pwn:132)
[17:33:21] [WARNING] mysql_connect: no password specified (C:\Users\аы\Desktop\Актуальная версия мода\gamemodes\new.pwn:911 -> C:\Users\аы\Desktop\Актуальная версия мода\pawno\include\vehicle.pwn:439 -> C:\Users\аы\Desktop\Актуальная версия мода\pawno\include\pickup.pwn:132)
[17:34:25] [WARNING] mysql_connect: no password specified (C:\Users\аы\Desktop\Актуальная версия мода\gamemodes\new.pwn:911 -> C:\Users\аы\Desktop\Актуальная версия мода\pawno\include\vehicle.pwn:439 -> C:\Users\аы\Desktop\Актуальная версия мода\pawno\include\pickup.pwn:132)
[17:38:00] [WARNING] mysql_connect: no password specified (C:\Users\аы\Desktop\Актуальная версия мода\gamemodes\new.pwn:911 -> C:\Users\аы\Desktop\Актуальная версия мода\pawno\include\vehicle.pwn:439 -> C:\Users\аы\Desktop\Актуальная версия мода\pawno\include\pickup.pwn:132)
[17:38:51] [WARNING] mysql_connect: no password specified (C:\Users\аы\Desktop\Актуальная версия мода\gamemodes\new.pwn:911 -> C:\Users\аы\Desktop\Актуальная версия мода\pawno\include\vehicle.pwn:439 -> C:\Users\аы\Desktop\Актуальная версия мода\pawno\include\pickup.pwn:132)
[11:05:12] [WARNING] mysql_connect: no password specified (C:\Users\аы\Desktop\Актуальная версия мода\gamemodes\new.pwn:911 -> C:\Users\аы\Desktop\Актуальная версия мода\pawno\include\vehicle.pwn:439 -> C:\Users\аы\Desktop\Актуальная версия мода\pawno\include\pickup.pwn:132)
[13:49:31] [WARNING] mysql_connect: no password specified (C:\Users\аы\Desktop\Актуальная версия мода\gamemodes\new.pwn:911 -> C:\Users\аы\Desktop\Актуальная версия мода\pawno\include\vehicle.pwn:439 -> C:\Users\аы\Desktop\Актуальная версия мода\pawno\include\pickup.pwn:132)
[13:49:32] [ERROR] CConnection::CConnection - establishing connection to MySQL database failed: #2002 'Can't connect to MySQL server on 'localhost' (10061)'
[13:49:33] [ERROR] CConnection::CConnection - establishing connection to MySQL database failed: #2002 'Can't connect to MySQL server on 'localhost' (10061)'
[13:49:34] [ERROR] CConnection::CConnection - establishing connection to MySQL database failed: #2002 'Can't connect to MySQL server on 'localhost' (10061)'
[13:49:35] [ERROR] CConnection::CConnection - establishing connection to MySQL database failed: #2002 'Can't connect to MySQL server on 'localhost' (10061)'
[13:49:35] [ERROR] cache_get_row_count: no active cache (C:\Users\аы\Desktop\Актуальная версия мода\pawno\include\a_mysql.inc:182 -> C:\Users\аы\Desktop\Актуальная версия мода\gamemodes\new.pwn:8461 -> C:\Users\аы\Desktop\Актуальная версия мода\gamemodes\new.pwn:928 -> C:\Users\аы\Desktop\Актуальная версия мода\pawno\include\vehicle.pwn:439 -> C:\Users\аы\Desktop\Актуальная версия мода\pawno\include\pickup.pwn:132)
[13:49:35] [ERROR] cache_delete: invalid cache id '0' (C:\Users\аы\Desktop\Актуальная версия мода\gamemodes\new.pwn:8502 -> C:\Users\аы\Desktop\Актуальная версия мода\gamemodes\new.pwn:928 -> C:\Users\аы\Desktop\Актуальная версия мода\pawno\include\vehicle.pwn:439 -> C:\Users\аы\Desktop\Актуальная версия мода\pawno\include\pickup.pwn:132)
[13:49:35] [ERROR] cache_get_row_count: no active cache (C:\Users\аы\Desktop\Актуальная версия мода\pawno\include\a_mysql.inc:182 -> C:\Users\аы\Desktop\Актуальная версия мода\gamemodes\new.pwn:7673 -> C:\Users\аы\Desktop\Актуальная версия мода\gamemodes\new.pwn:930 -> C:\Users\аы\Desktop\Актуальная версия мода\pawno\include\vehicle.pwn:439 -> C:\Users\аы\Desktop\Актуальная версия мода\pawno\include\pickup.pwn:132)
[13:49:35] [ERROR] cache_delete: invalid cache id '0' (C:\Users\аы\Desktop\Актуальная версия мода\gamemodes\new.pwn:7684 -> C:\Users\аы\Desktop\Актуальная версия мода\gamemodes\new.pwn:930 -> C:\Users\аы\Desktop\Актуальная версия мода\pawno\include\vehicle.pwn:439 -> C:\Users\аы\Desktop\Актуальная версия мода\pawno\include\pickup.pwn:132)
[13:49:35] [ERROR] cache_get_row_count: no active cache (C:\Users\аы\Desktop\Актуальная версия мода\pawno\include\a_mysql.inc:182 -> C:\Users\аы\Desktop\Актуальная версия мода\gamemodes\new.pwn:8913 -> C:\Users\аы\Desktop\Актуальная версия мода\gamemodes\new.pwn:931 -> C:\Users\аы\Desktop\Актуальная версия мода\pawno\include\vehicle.pwn:439 -> C:\Users\аы\Desktop\Актуальная версия мода\pawno\include\pickup.pwn:132)
[13:49:35] [ERROR] cache_delete: invalid cache id '0' (C:\Users\аы\Desktop\Актуальная версия мода\gamemodes\new.pwn:8930 -> C:\Users\аы\Desktop\Актуальная версия мода\gamemodes\new.pwn:931 -> C:\Users\аы\Desktop\Актуальная версия мода\pawno\include\vehicle.pwn:439 -> C:\Users\аы\Desktop\Актуальная версия мода\pawno\include\pickup.pwn:132)
[13:49:35] [ERROR] cache_get_row_count: no active cache (C:\Users\аы\Desktop\Актуальная версия мода\pawno\include\a_mysql.inc:182 -> C:\Users\аы\Desktop\Актуальная версия мода\gamemodes\new.pwn:8936 -> C:\Users\аы\Desktop\Актуальная версия мода\gamemodes\new.pwn:936 -> C:\Users\аы\Desktop\Актуальная версия мода\pawno\include\vehicle.pwn:439 -> C:\Users\аы\Desktop\Актуальная версия мода\pawno\include\pickup.pwn:132)
[13:49:35] [ERROR] cache_delete: invalid cache id '0' (C:\Users\аы\Desktop\Актуальная версия мода\gamemodes\new.pwn:8980 -> C:\Users\аы\Desktop\Актуальная версия мода\gamemodes\new.pwn:936 -> C:\Users\аы\Desktop\Актуальная версия мода\pawno\include\vehicle.pwn:439 -> C:\Users\аы\Desktop\Актуальная версия мода\pawno\include\pickup.pwn:132)
[13:49:35] [ERROR] cache_get_row_count: no active cache (C:\Users\аы\Desktop\Актуальная версия мода\pawno\include\a_mysql.inc:182 -> C:\Users\аы\Desktop\Актуальная версия мода\gamemodes\new.pwn:8889 -> C:\Users\аы\Desktop\Актуальная версия мода\gamemodes\new.pwn:937 -> C:\Users\аы\Desktop\Актуальная версия мода\pawno\include\vehicle.pwn:439 -> C:\Users\аы\Desktop\Актуальная версия мода\pawno\include\pickup.pwn:132)
[13:49:35] [ERROR] cache_delete: invalid cache id '0' (C:\Users\аы\Desktop\Актуальная версия мода\gamemodes\new.pwn:8905 -> C:\Users\аы\Desktop\Актуальная версия мода\gamemodes\new.pwn:937 -> C:\Users\аы\Desktop\Актуальная версия мода\pawno\include\vehicle.pwn:439 -> C:\Users\аы\Desktop\Актуальная версия мода\pawno\include\pickup.pwn:132)
[13:49:35] [ERROR] cache_get_row_count: no active cache (C:\Users\аы\Desktop\Актуальная версия мода\pawno\include\a_mysql.inc:182 -> C:\Users\аы\Desktop\Актуальная версия мода\gamemodes\new.pwn:8864 -> C:\Users\аы\Desktop\Актуальная версия мода\gamemodes\new.pwn:938 -> C:\Users\аы\Desktop\Актуальная версия мода\pawno\include\vehicle.pwn:439 -> C:\Users\аы\Desktop\Актуальная версия мода\pawno\include\pickup.pwn:132)
[13:49:35] [ERROR] cache_delete: invalid cache id '0' (C:\Users\аы\Desktop\Актуальная версия мода\gamemodes\new.pwn:8881 -> C:\Users\аы\Desktop\Актуальная версия мода\gamemodes\new.pwn:938 -> C:\Users\аы\Desktop\Актуальная версия мода\pawno\include\vehicle.pwn:439 -> C:\Users\аы\Desktop\Актуальная версия мода\pawno\include\pickup.pwn:132)
[13:49:35] [ERROR] cache_get_row_count: no active cache (C:\Users\аы\Desktop\Актуальная версия мода\pawno\include\a_mysql.inc:182 -> C:\Users\аы\Desktop\Актуальная версия мода\gamemodes\new.pwn:8232 -> C:\Users\аы\Desktop\Актуальная версия мода\gamemodes\new.pwn:939 -> C:\Users\аы\Desktop\Актуальная версия мода\pawno\include\vehicle.pwn:439 -> C:\Users\аы\Desktop\Актуальная версия мода\pawno\include\pickup.pwn:132)
[13:49:35] [ERROR] cache_delete: invalid cache id '0' (C:\Users\аы\Desktop\Актуальная версия мода\gamemodes\new.pwn:8313 -> C:\Users\аы\Desktop\Актуальная версия мода\gamemodes\new.pwn:939 -> C:\Users\аы\Desktop\Актуальная версия мода\pawno\include\vehicle.pwn:439 -> C:\Users\аы\Desktop\Актуальная версия мода\pawno\include\pickup.pwn:132)
[13:49:35] [ERROR] cache_get_row_count: no active cache (C:\Users\аы\Desktop\Актуальная версия мода\pawno\include\a_mysql.inc:182 -> C:\Users\аы\Desktop\Актуальная версия мода\gamemodes\new.pwn:7598 -> C:\Users\аы\Desktop\Актуальная версия мода\gamemodes\new.pwn:940 -> C:\Users\аы\Desktop\Актуальная версия мода\pawno\include\vehicle.pwn:439 -> C:\Users\аы\Desktop\Актуальная версия мода\pawno\include\pickup.pwn:132)
[13:49:35] [ERROR] cache_delete: invalid cache id '0' (C:\Users\аы\Desktop\Актуальная версия мода\gamemodes\new.pwn:7666 -> C:\Users\аы\Desktop\Актуальная версия мода\gamemodes\new.pwn:940 -> C:\Users\аы\Desktop\Актуальная версия мода\pawno\include\vehicle.pwn:439 -> C:\Users\аы\Desktop\Актуальная версия мода\pawno\include\pickup.pwn:132)
[13:52:43] [WARNING] mysql_connect: no password specified (C:\Users\аы\Desktop\Актуальная версия мода\gamemodes\new.pwn:911 -> C:\Users\аы\Desktop\Актуальная версия мода\pawno\include\vehicle.pwn:439 -> C:\Users\аы\Desktop\Актуальная версия мода\pawno\include\pickup.pwn:132)
[13:57:48] [WARNING] mysql_connect: no password specified (C:\Users\аы\Desktop\Актуальная версия мода\gamemodes\new.pwn:911 -> C:\Users\аы\Desktop\Актуальная версия мода\pawno\include\vehicle.pwn:439 -> C:\Users\аы\Desktop\Актуальная версия мода\pawno\include\pickup.pwn:132)
[14:08:18] [WARNING] mysql_connect: no password specified (C:\Users\аы\Desktop\Актуальная версия мода\gamemodes\new.pwn:913 -> C:\Users\аы\Desktop\Актуальная версия мода\pawno\include\vehicle.pwn:439 -> C:\Users\аы\Desktop\Актуальная версия мода\pawno\include\pickup.pwn:132)
[14:21:37] [WARNING] mysql_connect: no password specified (C:\Users\аы\Desktop\Актуальная версия мода\gamemodes\new.pwn:914 -> C:\Users\аы\Desktop\Актуальная версия мода\pawno\include\vehicle.pwn:439 -> C:\Users\аы\Desktop\Актуальная версия мода\pawno\include\pickup.pwn:132)
[14:25:52] [WARNING] mysql_connect: no password specified (C:\Users\аы\Desktop\Актуальная версия мода\gamemodes\new.pwn:914 -> C:\Users\аы\Desktop\Актуальная версия мода\pawno\include\vehicle.pwn:439 -> C:\Users\аы\Desktop\Актуальная версия мода\pawno\include\pickup.pwn:132)
[10:57:59] [WARNING] mysql_connect: no password specified (C:\Users\аы\Desktop\Актуальная версия мода\gamemodes\new.pwn:914 -> C:\Users\аы\Desktop\Актуальная версия мода\pawno\include\vehicle.pwn:439 -> C:\Users\аы\Desktop\Актуальная версия мода\pawno\include\pickup.pwn:132)
[22:46:13] [WARNING] mysql_connect: no password specified (C:\Users\аы\Desktop\Актуальная версия мода\gamemodes\new.pwn:914 -> C:\Users\аы\Desktop\Актуальная версия мода\pawno\include\vehicle.pwn:439 -> C:\Users\аы\Desktop\Актуальная версия мода\pawno\include\pickup.pwn:132)
[18:53:46] [WARNING] mysql_connect: no password specified (C:\Users\аы\Desktop\Актуальная версия мода\gamemodes\new.pwn:914 -> C:\Users\аы\Desktop\Актуальная версия мода\pawno\include\vehicle.pwn:439 -> C:\Users\аы\Desktop\Актуальная версия мода\pawno\include\pickup.pwn:132)
[18:57:42] [WARNING] mysql_connect: no password specified (C:\Users\аы\Desktop\Актуальная версия мода\gamemodes\new.pwn:914 -> C:\Users\аы\Desktop\Актуальная версия мода\pawno\include\vehicle.pwn:439 -> C:\Users\аы\Desktop\Актуальная версия мода\pawno\include\pickup.pwn:132)
[13:12:26] [WARNING] mysql_connect: no password specified (C:\Users\аы\Desktop\Актуальная версия мода\gamemodes\new.pwn:914 -> C:\Users\аы\Desktop\Актуальная версия мода\pawno\include\vehicle.pwn:439 -> C:\Users\аы\Desktop\Актуальная версия мода\pawno\include\pickup.pwn:132)
[13:14:29] [WARNING] mysql_connect: no password specified (C:\Users\аы\Desktop\Актуальная версия мода\gamemodes\new.pwn:914 -> C:\Users\аы\Desktop\Актуальная версия мода\pawno\include\vehicle.pwn:439 -> C:\Users\аы\Desktop\Актуальная версия мода\pawno\include\pickup.pwn:132)
[13:18:50] [WARNING] mysql_connect: no password specified (C:\Users\аы\Desktop\Актуальная версия мода\gamemodes\new.pwn:916 -> C:\Users\аы\Desktop\Актуальная версия мода\pawno\include\vehicle.pwn:439 -> C:\Users\аы\Desktop\Актуальная версия мода\pawno\include\pickup.pwn:132)
[16:16:54] [WARNING] mysql_connect: no password specified (C:\Users\аы\Desktop\Актуальная версия мода\gamemodes\new.pwn:926 -> C:\Users\аы\Desktop\Актуальная версия мода\pawno\include\vehicle.pwn:439 -> C:\Users\аы\Desktop\Актуальная версия мода\pawno\include\pickup.pwn:132)
[16:19:15] [WARNING] mysql_connect: no password specified (C:\Users\аы\Desktop\Актуальная версия мода\gamemodes\new.pwn:927 -> C:\Users\аы\Desktop\Актуальная версия мода\pawno\include\vehicle.pwn:439 -> C:\Users\аы\Desktop\Актуальная версия мода\pawno\include\pickup.pwn:133 -> C:\Users\аы\Desktop\Актуальная версия мода\pawno\include\fixobject.inc:270)
[16:24:12] [WARNING] mysql_connect: no password specified (C:\Users\аы\Desktop\Актуальная версия мода\gamemodes\new.pwn:927 -> C:\Users\аы\Desktop\Актуальная версия мода\pawno\include\vehicle.pwn:439 -> C:\Users\аы\Desktop\Актуальная версия мода\pawno\include\pickup.pwn:133 -> C:\Users\аы\Desktop\Актуальная версия мода\pawno\include\fixobject.inc:270)
[10:51:07] [WARNING] mysql_connect: no password specified (C:\Users\аы\Desktop\Актуальная версия мода\gamemodes\new.pwn:928 -> C:\Users\аы\Desktop\Актуальная версия мода\pawno\include\vehicle.pwn:439 -> C:\Users\аы\Desktop\Актуальная версия мода\pawno\include\pickup.pwn:133 -> C:\Users\аы\Desktop\Актуальная версия мода\pawno\include\fixobject.inc:270)
[10:56:06] [WARNING] mysql_connect: no password specified (C:\Users\аы\Desktop\Актуальная версия мода\gamemodes\new.pwn:929 -> C:\Users\аы\Desktop\Актуальная версия мода\pawno\include\vehicle.pwn:439 -> C:\Users\аы\Desktop\Актуальная версия мода\pawno\include\pickup.pwn:133 -> C:\Users\аы\Desktop\Актуальная версия мода\pawno\include\fixobject.inc:270)
[11:00:09] [WARNING] mysql_connect: no password specified (C:\Users\аы\Desktop\Актуальная версия мода\gamemodes\new.pwn:929 -> C:\Users\аы\Desktop\Актуальная версия мода\pawno\include\vehicle.pwn:439 -> C:\Users\аы\Desktop\Актуальная версия мода\pawno\include\pickup.pwn:133 -> C:\Users\аы\Desktop\Актуальная версия мода\pawno\include\fixobject.inc:270)
[11:01:32] [WARNING] mysql_connect: no password specified (C:\Users\аы\Desktop\Актуальная версия мода\gamemodes\new.pwn:929 -> C:\Users\аы\Desktop\Актуальная версия мода\pawno\include\vehicle.pwn:439 -> C:\Users\аы\Desktop\Актуальная версия мода\pawno\include\pickup.pwn:133 -> C:\Users\аы\Desktop\Актуальная версия мода\pawno\include\fixobject.inc:270)
[11:03:11] [WARNING] mysql_connect: no password specified (C:\Users\аы\Desktop\Актуальная версия мода\gamemodes\new.pwn:929 -> C:\Users\аы\Desktop\Актуальная версия мода\pawno\include\vehicle.pwn:439 -> C:\Users\аы\Desktop\Актуальная версия мода\pawno\include\pickup.pwn:133 -> C:\Users\аы\Desktop\Актуальная версия мода\pawno\include\fixobject.inc:270)
[11:08:26] [WARNING] mysql_connect: no password specified (C:\Users\аы\Desktop\Актуальная версия мода\gamemodes\new.pwn:929 -> C:\Users\аы\Desktop\Актуальная версия мода\pawno\include\vehicle.pwn:439 -> C:\Users\аы\Desktop\Актуальная версия мода\pawno\include\pickup.pwn:133 -> C:\Users\аы\Desktop\Актуальная версия мода\pawno\include\fixobject.inc:270)
[11:11:54] [WARNING] mysql_connect: no password specified (C:\Users\аы\Desktop\Актуальная версия мода\gamemodes\new.pwn:929 -> C:\Users\аы\Desktop\Актуальная версия мода\pawno\include\vehicle.pwn:439 -> C:\Users\аы\Desktop\Актуальная версия мода\pawno\include\pickup.pwn:133 -> C:\Users\аы\Desktop\Актуальная версия мода\pawno\include\fixobject.inc:270)
[11:12:31] [WARNING] mysql_connect: no password specified (C:\Users\аы\Desktop\Актуальная версия мода\gamemodes\new.pwn:929 -> C:\Users\аы\Desktop\Актуальная версия мода\pawno\include\vehicle.pwn:439 -> C:\Users\аы\Desktop\Актуальная версия мода\pawno\include\pickup.pwn:133 -> C:\Users\аы\Desktop\Актуальная версия мода\pawno\include\fixobject.inc:270)
[11:14:27] [WARNING] mysql_connect: no password specified (C:\Users\аы\Desktop\Актуальная версия мода\gamemodes\new.pwn:929 -> C:\Users\аы\Desktop\Актуальная версия мода\pawno\include\vehicle.pwn:439 -> C:\Users\аы\Desktop\Актуальная версия мода\pawno\include\pickup.pwn:133 -> C:\Users\аы\Desktop\Актуальная версия мода\pawno\include\fixobject.inc:270)
[11:30:53] [WARNING] mysql_connect: no password specified (C:\Users\аы\Desktop\Актуальная версия мода\gamemodes\new.pwn:929 -> C:\Users\аы\Desktop\Актуальная версия мода\pawno\include\vehicle.pwn:439 -> C:\Users\аы\Desktop\Актуальная версия мода\pawno\include\pickup.pwn:133 -> C:\Users\аы\Desktop\Актуальная версия мода\pawno\include\fixobject.inc:270)
[11:31:06] [WARNING] mysql_connect: no password specified (C:\Users\аы\Desktop\Актуальная версия мода\gamemodes\new.pwn:929 -> C:\Users\аы\Desktop\Актуальная версия мода\pawno\include\vehicle.pwn:439 -> C:\Users\аы\Desktop\Актуальная версия мода\pawno\include\pickup.pwn:133 -> C:\Users\аы\Desktop\Актуальная версия мода\pawno\include\fixobject.inc:270)
[11:39:09] [WARNING] mysql_connect: no password specified (C:\Users\аы\Desktop\Актуальная версия мода\gamemodes\new.pwn:929 -> C:\Users\аы\Desktop\Актуальная версия мода\pawno\include\vehicle.pwn:439 -> C:\Users\аы\Desktop\Актуальная версия мода\pawno\include\pickup.pwn:133 -> C:\Users\аы\Desktop\Актуальная версия мода\pawno\include\fixobject.inc:270)
[11:40:45] [WARNING] mysql_connect: no password specified (C:\Users\аы\Desktop\Актуальная версия мода\gamemodes\new.pwn:929 -> C:\Users\аы\Desktop\Актуальная версия мода\pawno\include\vehicle.pwn:439 -> C:\Users\аы\Desktop\Актуальная версия мода\pawno\include\pickup.pwn:133 -> C:\Users\аы\Desktop\Актуальная версия мода\pawno\include\fixobject.inc:270)
[11:49:14] [WARNING] mysql_connect: no password specified (C:\Users\аы\Desktop\Актуальная версия мода\gamemodes\new.pwn:929 -> C:\Users\аы\Desktop\Актуальная версия мода\pawno\include\vehicle.pwn:439 -> C:\Users\аы\Desktop\Актуальная версия мода\pawno\include\pickup.pwn:133 -> C:\Users\аы\Desktop\Актуальная версия мода\pawno\include\fixobject.inc:270)
[11:51:38] [WARNING] mysql_connect: no password specified (C:\Users\аы\Desktop\Актуальная версия мода\gamemodes\new.pwn:929 -> C:\Users\аы\Desktop\Актуальная версия мода\pawno\include\vehicle.pwn:439 -> C:\Users\аы\Desktop\Актуальная версия мода\pawno\include\pickup.pwn:133 -> C:\Users\аы\Desktop\Актуальная версия мода\pawno\include\fixobject.inc:270)
[13:22:08] [WARNING] mysql_connect: no password specified (C:\Users\аы\Desktop\Актуальная версия мода\gamemodes\new.pwn:929 -> C:\Users\аы\Desktop\Актуальная версия мода\pawno\include\vehicle.pwn:439 -> C:\Users\аы\Desktop\Актуальная версия мода\pawno\include\pickup.pwn:133 -> C:\Users\аы\Desktop\Актуальная версия мода\pawno\include\fixobject.inc:270)
[13:36:44] [WARNING] mysql_connect: no password specified (C:\Users\аы\Desktop\Актуальная версия мода\gamemodes\new.pwn:931 -> C:\Users\аы\Desktop\Актуальная версия мода\pawno\include\vehicle.pwn:439 -> C:\Users\аы\Desktop\Актуальная версия мода\pawno\include\pickup.pwn:133 -> C:\Users\аы\Desktop\Актуальная версия мода\pawno\include\fixobject.inc:270)
[13:52:37] [WARNING] mysql_connect: no password specified (C:\Users\аы\Desktop\Актуальная версия мода\gamemodes\new.pwn:931 -> C:\Users\аы\Desktop\Актуальная версия мода\pawno\include\vehicle.pwn:439 -> C:\Users\аы\Desktop\Актуальная версия мода\pawno\include\pickup.pwn:133 -> C:\Users\аы\Desktop\Актуальная версия мода\pawno\include\fixobject.inc:270)
[13:55:07] [WARNING] mysql_connect: no password specified (C:\Users\аы\Desktop\Актуальная версия мода\gamemodes\new.pwn:931 -> C:\Users\аы\Desktop\Актуальная версия мода\pawno\include\vehicle.pwn:439 -> C:\Users\аы\Desktop\Актуальная версия мода\pawno\include\pickup.pwn:133 -> C:\Users\аы\Desktop\Актуальная версия мода\pawno\include\fixobject.inc:270)
[10:29:01] [WARNING] mysql_connect: no password specified (C:\Users\аы\Desktop\Актуальная версия мода\gamemodes\new.pwn:931 -> C:\Users\аы\Desktop\Актуальная версия мода\pawno\include\vehicle.pwn:439 -> C:\Users\аы\Desktop\Актуальная версия мода\pawno\include\pickup.pwn:133 -> C:\Users\аы\Desktop\Актуальная версия мода\pawno\include\fixobject.inc:270)
